<?xml version="1.0" encoding="UTF-8"?>
<!-- Generated by org.testng.reporters.JUnitReportReporter -->
<testsuite skipped="0" hostname="DESKTOP-S7F72D1" name="JenkinsDemo.demojenkinsJob" tests="1" failures="0" timestamp="05 Aug 2018 14:27:59 GMT" time="0.008" errors="0">
  <testcase name="testjenkins" time="0.008" classname="JenkinsDemo.demojenkinsJob"/>
</testsuite> <!-- JenkinsDemo.demojenkinsJob -->
